Copyright 1986-2016 Xilinx, Inc. All Rights Reserved.
---------------------------------------------------------------------------------------------
| Tool Version      : Vivado v.2016.1 (win64) Build 1538259 Fri Apr  8 15:45:27 MDT 2016
| Date              : Sat Jun 17 13:39:19 2017
| Host              : VITOR-VAIO running 64-bit major release  (build 9200)
| Command           : report_clock_utilization -file top_module_clock_utilization_routed.rpt
| Design            : top_module
| Device            : 7a100t-csg324
| Speed File        : -1  PRODUCTION 1.14 2014-09-11
| Temperature Grade : C
---------------------------------------------------------------------------------------------

Clock Utilization Report

Table of Contents
-----------------
1. Clock Primitive Utilization
2. Global Clock Resources
3. Global Clock Source Details
4. Local Clock Details
5. Clock Regions: Key Resource Utilization
6. Clock Regions : Global Clock Summary
7. Cell Type Counts per Global Clock: Region X0Y0
8. Cell Type Counts per Global Clock: Region X0Y1
9. Cell Type Counts per Global Clock: Region X1Y1
10. Cell Type Counts per Global Clock: Region X0Y2
11. Cell Type Counts per Global Clock: Region X1Y2
12. Load Cell Placement Summary for Global Clock g0
13. Load Cell Placement Summary for Global Clock g1
14. Load Cell Placement Summary for Global Clock g2
15. Load Cell Placement Summary for Global Clock g3
16. Load Cell Placement Summary for Global Clock g4
17. Load Cell Placement Summary for Global Clock g5

1. Clock Primitive Utilization
------------------------------

+----------+------+-----------+-----+--------------+--------+
| Type     | Used | Available | LOC | Clock Region | Pblock |
+----------+------+-----------+-----+--------------+--------+
| BUFGCTRL |    6 |        32 |   0 |            0 |      0 |
| BUFH     |    0 |        96 |   0 |            0 |      0 |
| BUFIO    |    0 |        24 |   0 |            0 |      0 |
| BUFMR    |    0 |        12 |   0 |            0 |      0 |
| BUFR     |    0 |        24 |   0 |            0 |      0 |
| MMCM     |    1 |         6 |   0 |            0 |      0 |
| PLL      |    0 |         6 |   0 |            0 |      0 |
+----------+------+-----------+-----+--------------+--------+


2. Global Clock Resources
-------------------------

+-------+-------+-----------------+------------+----------------+--------------+------+-------------------+---------------+-------------+-----------------+--------------+------------------------+---------------------------------------+----------------------------------------------------+
| GlbID | SrcId | Driver Type/Pin | Constraint | Site           | Clock Region | Root | Clock Delay Group | Clock Regions | Clock Loads | Non-Clock Loads | Clock Period | Clock                  | Driver Pin                            | Net                                                |
+-------+-------+-----------------+------------+----------------+--------------+------+-------------------+---------------+-------------+-----------------+--------------+------------------------+---------------------------------------+----------------------------------------------------+
| g0    | src0  | BUFG/O          | None       | BUFGCTRL_X0Y4  | n/a          |      |                   |             1 |           1 |               0 |       10.000 | clkfbout_clk_wiz_pixel | clk_wiz_pixel_inst/inst/clkf_buf/O    | clk_wiz_pixel_inst/inst/clkfbout_buf_clk_wiz_pixel |
| g1    | src1  | BUFG/O          | None       | BUFGCTRL_X0Y16 | n/a          |      |                   |             4 |           1 |             389 |       10.000 | sys_clk_pin            | raw_clock_BUFG_inst/O                 | raw_clock_BUFG                                     |
| g2    | src0  | BUFG/O          | None       | BUFGCTRL_X0Y1  | n/a          | n/a  | n/a               |             3 |           0 |             206 |       25.000 | clk_out1_clk_wiz_pixel | clk_wiz_pixel_inst/inst/clkout1_buf/O | clk_wiz_pixel_inst/inst/clk_out1                   |
| g3    | src2  | BUFG/O          | None       | BUFGCTRL_X0Y2  | n/a          | n/a  | n/a               |             1 |           0 |              47 |          n/a | n/a                    | digit_pointer_reg[0]_i_2/O            | digit_pointer_reg[0]_i_2_n_0                       |
| g4    | src3  | BUFG/O          | None       | BUFGCTRL_X0Y3  | n/a          | n/a  | n/a               |             1 |           0 |              32 |          n/a | n/a                    | keycode_reg[31]_i_2/O                 | flag                                               |
| g5    | src4  | BUFG/O          | None       | BUFGCTRL_X0Y0  | n/a          | n/a  | n/a               |             5 |           0 |            6073 |          n/a | n/a                    | game_clock_BUFG_inst/O                | game_clock_BUFG                                    |
+-------+-------+-----------------+------------+----------------+--------------+------+-------------------+---------------+-------------+-----------------+--------------+------------------------+---------------------------------------+----------------------------------------------------+
* Note: Multiple constraint types applied to the driver. Please check for potential conflicts.


3. Global Clock Source Details
------------------------------

+-------+--------+---------------------+------------+-----------------+--------------+-------------+-----------------+---------------------+------------------------+--------------------------------------------------+--------------------------------------------------+
| SrcID | GlbIDs | Driver Type/Pin     | Constraint | Site            | Clock Region | Clock Loads | Non-Clock Loads | Source Clock Period | Source Clock           | Driver Pin                                       | Net                                              |
+-------+--------+---------------------+------------+-----------------+--------------+-------------+-----------------+---------------------+------------------------+--------------------------------------------------+--------------------------------------------------+
| src0  | g2     | MMCME2_ADV/CLKOUT0  | None       | MMCME2_ADV_X0Y0 | X0Y0         |           1 |               0 |              25.000 | clk_out1_clk_wiz_pixel | clk_wiz_pixel_inst/inst/mmcm_adv_inst/CLKOUT0    | clk_wiz_pixel_inst/inst/clk_out1_clk_wiz_pixel   |
| src0  | g0     | MMCME2_ADV/CLKFBOUT | None       | MMCME2_ADV_X0Y0 | X0Y0         |           1 |               0 |              10.000 | clkfbout_clk_wiz_pixel | clk_wiz_pixel_inst/inst/mmcm_adv_inst/CLKFBOUT   | clk_wiz_pixel_inst/inst/clkfbout_clk_wiz_pixel   |
| src1  | g1     | IBUF/O              | IOB_X1Y126 | IOB_X1Y126      | X1Y2         |           1 |               0 |              10.000 | sys_clk_pin            | raw_clock_IBUF_inst/O                            | raw_clock_IBUF                                   |
| src2  | g3     | FDRE/Q              | None       | SLICE_X63Y98    | X1Y1         |           1 |               0 |                     |                        | score_inst/step_down_clock_inst/down_clock_reg/Q | score_inst/step_down_clock_inst/down_clock_reg_0 |
| src3  | g4     | FDRE/Q              | None       | SLICE_X70Y111   | X1Y2         |           1 |               0 |                     |                        | keyboard/flag_reg/Q                              | keyboard/flag_reg_0                              |
| src4  | g5     | FDRE/Q              | None       | SLICE_X75Y102   | X1Y2         |           1 |               0 |                     |                        | step_down_clock_inst/down_clock_reg/Q            | step_down_clock_inst/game_clock                  |
+-------+--------+---------------------+------------+-----------------+--------------+-------------+-----------------+---------------------+------------------------+--------------------------------------------------+--------------------------------------------------+


4. Local Clock Details
----------------------

+-------+-----------------+------------+-------------------+--------------+-------------+-----------------+--------------+-------+----------------------------+-------------------------+
| LocId | Driver Type/Pin | Constraint | Site/BEL          | Clock Region | Clock Loads | Non-Clock Loads | Clock Period | Clock | Driver Pin                 | Net                     |
+-------+-----------------+------------+-------------------+--------------+-------------+-----------------+--------------+-------+----------------------------+-------------------------+
| 0     | FDRE/Q          | None       | SLICE_X73Y115/AFF | X1Y2         |           0 |               0 |              |       | keyboard/debounce/O0_reg/Q | keyboard/debounce/kclkf |
+-------+-----------------+------------+-------------------+--------------+-------------+-----------------+--------------+-------+----------------------------+-------------------------+


5. Clock Regions: Key Resource Utilization
------------------------------------------

+-------------------+--------------+--------------+--------------+--------------+--------------+--------------+--------------+--------------+--------------+--------------+--------------+--------------+--------------+--------------+--------------+
|                   | Global Clock |     BUFRs    |    BUFMRs    |    BUFIOs    |     MMCM     |      PLL     |      GT      |      PCI     |    ILOGIC    |    OLOGIC    |      FF      |     LUTM     |    RAMB18    |    RAMB36    |    DSP48E2   |
+-------------------+------+-------+------+-------+------+-------+------+-------+------+-------+------+-------+------+-------+------+-------+------+-------+------+-------+------+-------+------+-------+------+-------+------+-------+------+-------+
| Clock Region Name | Used | Avail | Used | Avail | Used | Avail | Used | Avail | Used | Avail | Used | Avail | Used | Avail | Used | Avail | Used | Avail | Used | Avail | Used | Avail | Used | Avail | Used | Avail | Used | Avail | Used | Avail |
+-------------------+------+-------+------+-------+------+-------+------+-------+------+-------+------+-------+------+-------+------+-------+------+-------+------+-------+------+-------+------+-------+------+-------+------+-------+------+-------+
| X0Y0              |    3 |    12 |    0 |     4 |    0 |     2 |    0 |     4 |    2 |     1 |    0 |     1 |    0 |     0 |    0 |     0 |    0 |    50 |    0 |    50 |   20 | 20800 |    6 |  2400 |    0 |     0 |    0 |    10 |    0 |    20 |
| X1Y0              |    0 |    12 |    0 |     0 |    0 |     0 |    0 |     0 |    0 |     0 |    0 |     0 |    0 |     5 |    0 |     0 |    0 |     0 |    0 |     0 |    0 | 12000 |    0 |  2200 |    0 |     0 |    0 |    20 |    0 |    40 |
| X0Y1              |    3 |    12 |    0 |     4 |    0 |     2 |    0 |     4 |    0 |     1 |    0 |     1 |    0 |     0 |    0 |     0 |    0 |    50 |    0 |    50 | 2804 | 16000 |  802 |  2400 |    0 |     0 |    0 |    10 |    0 |    20 |
| X1Y1              |    3 |    12 |    0 |     4 |    0 |     2 |    0 |     4 |    0 |     1 |    0 |     1 |    0 |     0 |    0 |     0 |    0 |    50 |    0 |    50 | 1108 | 15200 |  561 |  2600 |    0 |     0 |    0 |    30 |    0 |    40 |
| X0Y2              |    2 |    12 |    0 |     4 |    0 |     2 |    0 |     4 |    0 |     1 |    0 |     1 |    0 |     0 |    0 |     0 |    0 |    50 |    0 |    50 | 1515 | 16000 |  515 |  2400 |    0 |     0 |    0 |    10 |    0 |    20 |
| X1Y2              |    4 |    12 |    0 |     4 |    0 |     2 |    0 |     4 |    0 |     1 |    0 |     1 |    0 |     0 |    0 |     0 |    0 |    50 |    0 |    50 | 1300 | 15200 |  555 |  2600 |    0 |     0 |    0 |    30 |    0 |    40 |
| X0Y3              |    0 |    12 |    0 |     4 |    0 |     2 |    0 |     4 |    0 |     1 |    0 |     1 |    0 |     0 |    0 |     0 |    0 |    50 |    0 |    50 |    0 | 20800 |    0 |  2400 |    0 |     0 |    0 |    10 |    0 |    20 |
| X1Y3              |    0 |    12 |    0 |     0 |    0 |     0 |    0 |     0 |    0 |     0 |    0 |     0 |    0 |     5 |    0 |     0 |    0 |     0 |    0 |     0 |    0 | 10800 |    0 |  2000 |    0 |     0 |    0 |    15 |    0 |    40 |
+-------------------+------+-------+------+-------+------+-------+------+-------+------+-------+------+-------+------+-------+------+-------+------+-------+------+-------+------+-------+------+-------+------+-------+------+-------+------+-------+
* Used Global Clocks includes only global clock resources based on load placement but does not consider global clock resources used to traverse a clock region. Therefore the actual total of Used Global Clocks may be higher.
** RAMB36 site can be used as two RAMB18/FIFO18 sites.


6. Clock Regions : Global Clock Summary
---------------------------------------

+----+----+----+
|    | X0 | X1 |
+----+----+----+
| Y3 |  0 |  0 |
| Y2 |  2 |  4 |
| Y1 |  3 |  3 |
| Y0 |  3 |  0 |
+----+----+----+
* Used Global Clocks includes only global clock resources based on load placement but does not consider global clock resources used to traverse a clock region. Therefore the actual total of Used Global Clocks may be higher.


7. Cell Type Counts per Global Clock: Region X0Y0
-------------------------------------------------

+-------+-------+-----------------+------------+-------------+-----------------+----+--------+------+-----+----+------+-----+---------+----------------------------------------------------+
| GlbID | Track | Driver Type/Pin | Constraint | Clock Loads | Non-Clock Loads | FF | LUTRAM | RAMB | DSP | GT | MMCM | PLL | Hard IP | Net                                                |
+-------+-------+-----------------+------------+-------------+-----------------+----+--------+------+-----+----+------+-----+---------+----------------------------------------------------+
| g0    | n/a   | BUFG/O          | None       |           1 |               0 |  0 |      0 |    0 |   0 |  0 |    1 |   0 |       0 | clk_wiz_pixel_inst/inst/clkfbout_buf_clk_wiz_pixel |
| g1    | n/a   | BUFG/O          | None       |           1 |               0 |  0 |      0 |    0 |   0 |  0 |    1 |   0 |       0 | raw_clock_BUFG                                     |
| g5    | n/a   | BUFG/O          | None       |           0 |              20 | 20 |      6 |    0 |   0 |  0 |    0 |   0 |       0 | game_clock_BUFG                                    |
+-------+-------+-----------------+------------+-------------+-----------------+----+--------+------+-----+----+------+-----+---------+----------------------------------------------------+


8. Cell Type Counts per Global Clock: Region X0Y1
-------------------------------------------------

+-------+-------+-----------------+------------+-------------+-----------------+------+--------+------+-----+----+------+-----+---------+------------------------------+
| GlbID | Track | Driver Type/Pin | Constraint | Clock Loads | Non-Clock Loads | FF   | LUTRAM | RAMB | DSP | GT | MMCM | PLL | Hard IP | Net                          |
+-------+-------+-----------------+------------+-------------+-----------------+------+--------+------+-----+----+------+-----+---------+------------------------------+
| g1    | n/a   | BUFG/O          | None       |           0 |             309 |  309 |     88 |    0 |   0 |  0 |    0 |   0 |       0 | raw_clock_BUFG               |
| g3    | n/a   | BUFG/O          | None       |           0 |              47 |   47 |      3 |    0 |   0 |  0 |    0 |   0 |       0 | digit_pointer_reg[0]_i_2_n_0 |
| g5    | n/a   | BUFG/O          | None       |           0 |            2448 | 2448 |    711 |    0 |   0 |  0 |    0 |   0 |       0 | game_clock_BUFG              |
+-------+-------+-----------------+------------+-------------+-----------------+------+--------+------+-----+----+------+-----+---------+------------------------------+


9. Cell Type Counts per Global Clock: Region X1Y1
-------------------------------------------------

+-------+-------+-----------------+------------+-------------+-----------------+------+--------+------+-----+----+------+-----+---------+----------------------------------+
| GlbID | Track | Driver Type/Pin | Constraint | Clock Loads | Non-Clock Loads | FF   | LUTRAM | RAMB | DSP | GT | MMCM | PLL | Hard IP | Net                              |
+-------+-------+-----------------+------------+-------------+-----------------+------+--------+------+-----+----+------+-----+---------+----------------------------------+
| g1    | n/a   | BUFG/O          | None       |           0 |              18 |   18 |     16 |    0 |   0 |  0 |    0 |   0 |       0 | raw_clock_BUFG                   |
| g2    | n/a   | BUFG/O          | None       |           0 |              43 |   43 |     12 |    0 |   0 |  0 |    0 |   0 |       0 | clk_wiz_pixel_inst/inst/clk_out1 |
| g5    | n/a   | BUFG/O          | None       |           0 |            1047 | 1047 |    533 |    0 |   0 |  0 |    0 |   0 |       0 | game_clock_BUFG                  |
+-------+-------+-----------------+------------+-------------+-----------------+------+--------+------+-----+----+------+-----+---------+----------------------------------+


10. Cell Type Counts per Global Clock: Region X0Y2
--------------------------------------------------

+-------+-------+-----------------+------------+-------------+-----------------+------+--------+------+-----+----+------+-----+---------+----------------------------------+
| GlbID | Track | Driver Type/Pin | Constraint | Clock Loads | Non-Clock Loads | FF   | LUTRAM | RAMB | DSP | GT | MMCM | PLL | Hard IP | Net                              |
+-------+-------+-----------------+------------+-------------+-----------------+------+--------+------+-----+----+------+-----+---------+----------------------------------+
| g2    | n/a   | BUFG/O          | None       |           0 |              67 |   67 |     66 |    0 |   0 |  0 |    0 |   0 |       0 | clk_wiz_pixel_inst/inst/clk_out1 |
| g5    | n/a   | BUFG/O          | None       |           0 |            1448 | 1448 |    449 |    0 |   0 |  0 |    0 |   0 |       0 | game_clock_BUFG                  |
+-------+-------+-----------------+------------+-------------+-----------------+------+--------+------+-----+----+------+-----+---------+----------------------------------+


11. Cell Type Counts per Global Clock: Region X1Y2
--------------------------------------------------

+-------+-------+-----------------+------------+-------------+-----------------+------+--------+------+-----+----+------+-----+---------+----------------------------------+
| GlbID | Track | Driver Type/Pin | Constraint | Clock Loads | Non-Clock Loads | FF   | LUTRAM | RAMB | DSP | GT | MMCM | PLL | Hard IP | Net                              |
+-------+-------+-----------------+------------+-------------+-----------------+------+--------+------+-----+----+------+-----+---------+----------------------------------+
| g1    | n/a   | BUFG/O          | None       |           0 |              62 |   62 |     53 |    0 |   0 |  0 |    0 |   0 |       0 | raw_clock_BUFG                   |
| g2    | n/a   | BUFG/O          | None       |           0 |              96 |   96 |     84 |    0 |   0 |  0 |    0 |   0 |       0 | clk_wiz_pixel_inst/inst/clk_out1 |
| g4    | n/a   | BUFG/O          | None       |           0 |              32 |   32 |      8 |    0 |   0 |  0 |    0 |   0 |       0 | flag                             |
| g5    | n/a   | BUFG/O          | None       |           0 |            1110 | 1110 |    410 |    0 |   0 |  0 |    0 |   0 |       0 | game_clock_BUFG                  |
+-------+-------+-----------------+------------+-------------+-----------------+------+--------+------+-----+----+------+-----+---------+----------------------------------+


12. Load Cell Placement Summary for Global Clock g0
---------------------------------------------------

+-------+-----------------+-------------------+------------------------+-------------+---------------+----------+-------------+----------+-------------+----+----------------------------------------------------+
| GlbID | Driver Type/Pin | Driver Region (D) | Clock                  | Period (ns) | Waveform (ns) | Root (R) | Slice Loads | IO Loads | Clock Loads | GT | Net                                                |
+-------+-----------------+-------------------+------------------------+-------------+---------------+----------+-------------+----------+-------------+----+----------------------------------------------------+
| g0    | BUFG/O          | n/a               | clkfbout_clk_wiz_pixel |      10.000 | {0.000 5.000} |          |           0 |        0 |           1 |  0 | clk_wiz_pixel_inst/inst/clkfbout_buf_clk_wiz_pixel |
+-------+-----------------+-------------------+------------------------+-------------+---------------+----------+-------------+----------+-------------+----+----------------------------------------------------+


+----+----+----+
|    | X0 | X1 |
+----+----+----+
| Y3 |  0 |  0 |
| Y2 |  0 |  0 |
| Y1 |  0 |  0 |
| Y0 |  1 |  0 |
+----+----+----+


13. Load Cell Placement Summary for Global Clock g1
---------------------------------------------------

+-------+-----------------+-------------------+-------------+-------------+---------------+----------+-------------+----------+-------------+----+----------------+
| GlbID | Driver Type/Pin | Driver Region (D) | Clock       | Period (ns) | Waveform (ns) | Root (R) | Slice Loads | IO Loads | Clock Loads | GT | Net            |
+-------+-----------------+-------------------+-------------+-------------+---------------+----------+-------------+----------+-------------+----+----------------+
| g1    | BUFG/O          | n/a               | sys_clk_pin |      10.000 | {0.000 5.000} |          |         389 |        0 |           1 |  0 | raw_clock_BUFG |
+-------+-----------------+-------------------+-------------+-------------+---------------+----------+-------------+----------+-------------+----+----------------+


+----+------+-----+
|    | X0   | X1  |
+----+------+-----+
| Y3 |    0 |   0 |
| Y2 |    0 |  62 |
| Y1 |  309 |  18 |
| Y0 |    1 |   0 |
+----+------+-----+


14. Load Cell Placement Summary for Global Clock g2
---------------------------------------------------

+-------+-----------------+-------------------+------------------------+-------------+----------------+----------+-------------+----------+-------------+----+----------------------------------+
| GlbID | Driver Type/Pin | Driver Region (D) | Clock                  | Period (ns) | Waveform (ns)  | Root (R) | Slice Loads | IO Loads | Clock Loads | GT | Net                              |
+-------+-----------------+-------------------+------------------------+-------------+----------------+----------+-------------+----------+-------------+----+----------------------------------+
| g2    | BUFG/O          | n/a               | clk_out1_clk_wiz_pixel |      25.000 | {0.000 12.500} |          |         206 |        0 |           0 |  0 | clk_wiz_pixel_inst/inst/clk_out1 |
+-------+-----------------+-------------------+------------------------+-------------+----------------+----------+-------------+----------+-------------+----+----------------------------------+


+----+-----+-----+
|    | X0  | X1  |
+----+-----+-----+
| Y3 |   0 |   0 |
| Y2 |  67 |  96 |
| Y1 |   0 |  43 |
| Y0 |   0 |   0 |
+----+-----+-----+


15. Load Cell Placement Summary for Global Clock g3
---------------------------------------------------

+-------+-----------------+-------------------+-------+-------------+---------------+----------+-------------+----------+-------------+----+------------------------------+
| GlbID | Driver Type/Pin | Driver Region (D) | Clock | Period (ns) | Waveform (ns) | Root (R) | Slice Loads | IO Loads | Clock Loads | GT | Net                          |
+-------+-----------------+-------------------+-------+-------------+---------------+----------+-------------+----------+-------------+----+------------------------------+
| g3    | BUFG/O          | n/a               |       |             |               |          |          47 |        0 |           0 |  0 | digit_pointer_reg[0]_i_2_n_0 |
+-------+-----------------+-------------------+-------+-------------+---------------+----------+-------------+----------+-------------+----+------------------------------+


+----+-----+----+
|    | X0  | X1 |
+----+-----+----+
| Y3 |   0 |  0 |
| Y2 |   0 |  0 |
| Y1 |  47 |  0 |
| Y0 |   0 |  0 |
+----+-----+----+


16. Load Cell Placement Summary for Global Clock g4
---------------------------------------------------

+-------+-----------------+-------------------+-------+-------------+---------------+----------+-------------+----------+-------------+----+------+
| GlbID | Driver Type/Pin | Driver Region (D) | Clock | Period (ns) | Waveform (ns) | Root (R) | Slice Loads | IO Loads | Clock Loads | GT | Net  |
+-------+-----------------+-------------------+-------+-------------+---------------+----------+-------------+----------+-------------+----+------+
| g4    | BUFG/O          | n/a               |       |             |               |          |          32 |        0 |           0 |  0 | flag |
+-------+-----------------+-------------------+-------+-------------+---------------+----------+-------------+----------+-------------+----+------+


+----+----+-----+
|    | X0 | X1  |
+----+----+-----+
| Y3 |  0 |   0 |
| Y2 |  0 |  32 |
| Y1 |  0 |   0 |
| Y0 |  0 |   0 |
+----+----+-----+


17. Load Cell Placement Summary for Global Clock g5
---------------------------------------------------

+-------+-----------------+-------------------+-------+-------------+---------------+----------+-------------+----------+-------------+----+-----------------+
| GlbID | Driver Type/Pin | Driver Region (D) | Clock | Period (ns) | Waveform (ns) | Root (R) | Slice Loads | IO Loads | Clock Loads | GT | Net             |
+-------+-----------------+-------------------+-------+-------------+---------------+----------+-------------+----------+-------------+----+-----------------+
| g5    | BUFG/O          | n/a               |       |             |               |          |        6073 |        0 |           0 |  0 | game_clock_BUFG |
+-------+-----------------+-------------------+-------+-------------+---------------+----------+-------------+----------+-------------+----+-----------------+


+----+-------+-------+
|    | X0    | X1    |
+----+-------+-------+
| Y3 |     0 |     0 |
| Y2 |  1448 |  1110 |
| Y1 |  2448 |  1047 |
| Y0 |    20 |     0 |
+----+-------+-------+



# Location of BUFG Primitives 
set_property LOC BUFGCTRL_X0Y16 [get_cells raw_clock_BUFG_inst]
set_property LOC BUFGCTRL_X0Y0 [get_cells game_clock_BUFG_inst]
set_property LOC BUFGCTRL_X0Y3 [get_cells keycode_reg[31]_i_2]
set_property LOC BUFGCTRL_X0Y2 [get_cells digit_pointer_reg[0]_i_2]
set_property LOC BUFGCTRL_X0Y4 [get_cells clk_wiz_pixel_inst/inst/clkf_buf]
set_property LOC BUFGCTRL_X0Y1 [get_cells clk_wiz_pixel_inst/inst/clkout1_buf]

# Location of IO Primitives which is load of clock spine

# Location of clock ports
set_property LOC IOB_X1Y126 [get_ports raw_clock]

# Clock net "raw_clock_BUFG" driven by instance "raw_clock_BUFG_inst" located at site "BUFGCTRL_X0Y16"
#startgroup
create_pblock {CLKAG_raw_clock_BUFG}
add_cells_to_pblock [get_pblocks  {CLKAG_raw_clock_BUFG}] [get_cells -filter { PRIMITIVE_GROUP != I/O && IS_PRIMITIVE==1 && PRIMITIVE_LEVEL !=INTERNAL && NAME!=clk_wiz_pixel_inst/inst/mmcm_adv_inst} -of_object [get_pins -filter {DIRECTION==IN} -of_objects [get_nets -hierarchical -filter {PARENT=="raw_clock_BUFG"}]]]
resize_pblock [get_pblocks {CLKAG_raw_clock_BUFG}] -add {CLOCKREGION_X0Y1:CLOCKREGION_X0Y1 CLOCKREGION_X1Y1:CLOCKREGION_X1Y1 CLOCKREGION_X1Y2:CLOCKREGION_X1Y2}
#endgroup

# Clock net "game_clock_BUFG" driven by instance "game_clock_BUFG_inst" located at site "BUFGCTRL_X0Y0"
#startgroup
create_pblock {CLKAG_game_clock_BUFG}
add_cells_to_pblock [get_pblocks  {CLKAG_game_clock_BUFG}] [get_cells -filter { PRIMITIVE_GROUP != I/O && IS_PRIMITIVE==1 && PRIMITIVE_LEVEL !=INTERNAL } -of_object [get_pins -filter {DIRECTION==IN} -of_objects [get_nets -hierarchical -filter {PARENT=="game_clock_BUFG"}]]]
resize_pblock [get_pblocks {CLKAG_game_clock_BUFG}] -add {CLOCKREGION_X0Y0:CLOCKREGION_X0Y0 CLOCKREGION_X0Y1:CLOCKREGION_X0Y1 CLOCKREGION_X0Y2:CLOCKREGION_X0Y2 CLOCKREGION_X1Y1:CLOCKREGION_X1Y1 CLOCKREGION_X1Y2:CLOCKREGION_X1Y2}
#endgroup

# Clock net "flag" driven by instance "keycode_reg[31]_i_2" located at site "BUFGCTRL_X0Y3"
#startgroup
create_pblock {CLKAG_flag}
add_cells_to_pblock [get_pblocks  {CLKAG_flag}] [get_cells -filter { PRIMITIVE_GROUP != I/O && IS_PRIMITIVE==1 && PRIMITIVE_LEVEL !=INTERNAL } -of_object [get_pins -filter {DIRECTION==IN} -of_objects [get_nets -hierarchical -filter {PARENT=="flag"}]]]
resize_pblock [get_pblocks {CLKAG_flag}] -add {CLOCKREGION_X1Y2:CLOCKREGION_X1Y2}
#endgroup

# Clock net "digit_pointer_reg[0]_i_2_n_0" driven by instance "digit_pointer_reg[0]_i_2" located at site "BUFGCTRL_X0Y2"
#startgroup
create_pblock {CLKAG_digit_pointer_reg[0]_i_2_n_0}
add_cells_to_pblock [get_pblocks  {CLKAG_digit_pointer_reg[0]_i_2_n_0}] [get_cells -filter { PRIMITIVE_GROUP != I/O && IS_PRIMITIVE==1 && PRIMITIVE_LEVEL !=INTERNAL } -of_object [get_pins -filter {DIRECTION==IN} -of_objects [get_nets -hierarchical -filter {PARENT=="digit_pointer_reg[0]_i_2_n_0"}]]]
resize_pblock [get_pblocks {CLKAG_digit_pointer_reg[0]_i_2_n_0}] -add {CLOCKREGION_X0Y1:CLOCKREGION_X0Y1}
#endgroup

# Clock net "clk_wiz_pixel_inst/inst/clk_out1" driven by instance "clk_wiz_pixel_inst/inst/clkout1_buf" located at site "BUFGCTRL_X0Y1"
#startgroup
create_pblock {CLKAG_clk_wiz_pixel_inst/inst/clk_out1}
add_cells_to_pblock [get_pblocks  {CLKAG_clk_wiz_pixel_inst/inst/clk_out1}] [get_cells -filter { PRIMITIVE_GROUP != I/O && IS_PRIMITIVE==1 && PRIMITIVE_LEVEL !=INTERNAL } -of_object [get_pins -filter {DIRECTION==IN} -of_objects [get_nets -hierarchical -filter {PARENT=="clk_wiz_pixel_inst/inst/clk_out1"}]]]
resize_pblock [get_pblocks {CLKAG_clk_wiz_pixel_inst/inst/clk_out1}] -add {CLOCKREGION_X0Y2:CLOCKREGION_X0Y2 CLOCKREGION_X1Y1:CLOCKREGION_X1Y1 CLOCKREGION_X1Y2:CLOCKREGION_X1Y2}
#endgroup
