Copyright 1986-2016 Xilinx, Inc. All Rights Reserved.
---------------------------------------------------------------------------------------
| Tool Version : Vivado v.2016.1 (win64) Build 1538259 Fri Apr  8 15:45:27 MDT 2016
| Date         : Sat Jun 17 14:50:50 2017
| Host         : VITOR-VAIO running 64-bit major release  (build 9200)
| Command      : report_control_sets -verbose -file top_module_control_sets_placed.rpt
| Design       : top_module
| Device       : xc7a100t
---------------------------------------------------------------------------------------

Control Set Information

Table of Contents
-----------------
1. Summary
2. Flip-Flop Distribution
3. Detailed Control Set Information

1. Summary
----------

+----------------------------------------------------------+-------+
|                          Status                          | Count |
+----------------------------------------------------------+-------+
| Number of unique control sets                            |   119 |
| Unused register locations in slices containing registers |   143 |
+----------------------------------------------------------+-------+


2. Flip-Flop Distribution
-------------------------

+--------------+-----------------------+------------------------+-----------------+--------------+
| Clock Enable | Synchronous Set/Reset | Asynchronous Set/Reset | Total Registers | Total Slices |
+--------------+-----------------------+------------------------+-----------------+--------------+
| No           | No                    | No                     |            2521 |          996 |
| No           | No                    | Yes                    |               0 |            0 |
| No           | Yes                   | No                     |             132 |           35 |
| Yes          | No                    | No                     |            4019 |         1652 |
| Yes          | No                    | Yes                    |               0 |            0 |
| Yes          | Yes                   | No                     |              73 |           22 |
+--------------+-----------------------+------------------------+-----------------+--------------+


3. Detailed Control Set Information
-----------------------------------

+-----------------------------------+--------------------------------------------------------------------------+-----------------------------------------------------------+------------------+----------------+
|            Clock Signal           |                               Enable Signal                              |                      Set/Reset Signal                     | Slice Load Count | Bel Load Count |
+-----------------------------------+--------------------------------------------------------------------------+-----------------------------------------------------------+------------------+----------------+
|  raw_clock_BUFG                   | keyboard/debounce/O1_i_1_n_0                                             |                                                           |                1 |              1 |
|  raw_clock_BUFG                   | keyboard/debounce/O0_i_1_n_0                                             |                                                           |                1 |              1 |
|  raw_clock_BUFG                   | keyboard/debounce/Iv1_i_1_n_0                                            |                                                           |                1 |              1 |
|  raw_clock_BUFG                   | keyboard/debounce/clear                                                  |                                                           |                1 |              1 |
| ~keyboard/debounce/kclkf          | keyboard/cnt__3                                                          | keyboard/cnt[3]_i_1_n_0                                   |                1 |              4 |
|  digit_pointer_reg[0]_i_2_n_0     |                                                                          | score_inst/bcd_to_ssegment_inst/anode[3]_i_1_n_0          |                2 |              4 |
|  raw_clock_BUFG                   |                                                                          | keyboard/debounce/clear                                   |                1 |              4 |
|  raw_clock_BUFG                   | sample_pushbutton_inst/counter[31]_i_1_n_0                               |                                                           |                2 |              4 |
|  raw_clock_BUFG                   | score_inst/convert_score_inst/digits_buff[0][3]_i_2_n_0                  | score_inst/convert_score_inst/digits_buff[0][3]_i_1_n_0   |                1 |              4 |
|  raw_clock_BUFG                   | score_inst/convert_score_inst/digits_buff[1][3]_i_2_n_0                  | score_inst/convert_score_inst/digits_buff[1][3]_i_1_n_0   |                2 |              4 |
|  raw_clock_BUFG                   | score_inst/convert_score_inst/digits_buff[2][3]_i_2_n_0                  | score_inst/convert_score_inst/digits_buff[2][3]_i_1_n_0   |                2 |              4 |
|  raw_clock_BUFG                   | score_inst/convert_score_inst/digits_buff[3][3]_i_2_n_0                  | score_inst/convert_score_inst/digits_buff[3][3]_i_1_n_0   |                1 |              4 |
|  raw_clock_BUFG                   | score_inst/convert_score_inst/digits_buff[4][3]_i_2_n_0                  | score_inst/convert_score_inst/digits_buff[4][3]_i_1_n_0   |                1 |              4 |
|  raw_clock_BUFG                   | score_inst/convert_score_inst/digits_buff[5][3]_i_2_n_0                  | score_inst/convert_score_inst/digits_buff[5][3]_i_1_n_0   |                1 |              4 |
|  raw_clock_BUFG                   | score_inst/convert_score_inst/digits_buff[6][3]_i_2_n_0                  | score_inst/convert_score_inst/digits_buff[6][3]_i_1_n_0   |                1 |              4 |
|  raw_clock_BUFG                   | score_inst/convert_score_inst/digits_buff[7][3]_i_2_n_0                  | score_inst/convert_score_inst/digits_buff[7][3]_i_1_n_0   |                1 |              4 |
|  raw_clock_BUFG                   | score_inst/divide_by_ten_inst/quotient_buff[remainder][3]_i_1__0_n_0     |                                                           |                2 |              4 |
|  raw_clock_BUFG                   | keyboard/debounce/cnt1[4]_i_1_n_0                                        | keyboard/debounce/Iv1_i_1_n_0                             |                2 |              5 |
|  game_clock_BUFG                  | acquire_random_position_inst/data[5]_i_1_n_0                             |                                                           |                3 |              6 |
|  game_clock_BUFG                  | lfsr16_inst/data_out\\.valid_i_1_n_0                                     |                                                           |                1 |              6 |
|  game_clock_BUFG                  | acquire_random_position_inst/position[col][7]_i_1_n_0                    |                                                           |                2 |              8 |
|  game_clock_BUFG                  | acquire_random_position_inst/position[row][7]_i_1_n_0                    |                                                           |                1 |              8 |
|  game_clock_BUFG                  | snake_controller_inst/snake_body[0][col][7]_i_1_n_0                      |                                                           |                4 |              8 |
|  game_clock_BUFG                  | snake_controller_inst/snake_body[0][row][7]_i_1_n_0                      |                                                           |                6 |              8 |
| ~keyboard/debounce/kclkf          |                                                                          |                                                           |                3 |              9 |
|  digit_pointer_reg[0]_i_2_n_0     |                                                                          |                                                           |                6 |             12 |
|  raw_clock_BUFG                   |                                                                          |                                                           |                9 |             14 |
|  game_clock_BUFG                  | snake_controller_inst/snake_body[18][row][7]_i_1_n_0                     |                                                           |                8 |             16 |
|  game_clock_BUFG                  | snake_controller_inst/snake_body[19][row][7]_i_1_n_0                     |                                                           |                7 |             16 |
|  game_clock_BUFG                  | snake_controller_inst/snake_body[20][row][7]_i_1_n_0                     |                                                           |                5 |             16 |
|  game_clock_BUFG                  | snake_controller_inst/snake_body[21][row][7]_i_1_n_0                     |                                                           |                8 |             16 |
|  game_clock_BUFG                  | snake_controller_inst/snake_body[22][row][7]_i_1_n_0                     |                                                           |                6 |             16 |
|  game_clock_BUFG                  | snake_controller_inst/snake_body[23][row][7]_i_1_n_0                     |                                                           |               12 |             16 |
|  game_clock_BUFG                  | snake_controller_inst/snake_body[24][row][7]_i_1_n_0                     |                                                           |                6 |             16 |
|  game_clock_BUFG                  | snake_controller_inst/snake_body[25][row][7]_i_1_n_0                     |                                                           |                7 |             16 |
|  game_clock_BUFG                  | snake_controller_inst/snake_body[26][row][7]_i_1_n_0                     |                                                           |                8 |             16 |
|  game_clock_BUFG                  | snake_controller_inst/snake_body[27][row][7]_i_1_n_0                     |                                                           |               14 |             16 |
|  game_clock_BUFG                  | snake_controller_inst/snake_body[28][row][7]_i_1_n_0                     |                                                           |                5 |             16 |
|  game_clock_BUFG                  | snake_controller_inst/snake_body[29][row][7]_i_1_n_0                     |                                                           |                6 |             16 |
|  game_clock_BUFG                  | snake_controller_inst/snake_body[2][row][7]_i_1_n_0                      |                                                           |                6 |             16 |
|  game_clock_BUFG                  | snake_controller_inst/snake_body[30][row][7]_i_1_n_0                     |                                                           |               11 |             16 |
|  game_clock_BUFG                  | snake_controller_inst/snake_body[31][row][7]_i_1_n_0                     |                                                           |               15 |             16 |
|  game_clock_BUFG                  | snake_controller_inst/snake_body[32][row][7]_i_1_n_0                     |                                                           |                6 |             16 |
|  game_clock_BUFG                  | snake_controller_inst/snake_body[33][row][7]_i_1_n_0                     |                                                           |                5 |             16 |
|  game_clock_BUFG                  | snake_controller_inst/snake_body[34][row][7]_i_1_n_0                     |                                                           |               10 |             16 |
|  game_clock_BUFG                  | snake_controller_inst/snake_body[35][row][7]_i_1_n_0                     |                                                           |               11 |             16 |
|  game_clock_BUFG                  | snake_controller_inst/snake_body[36][row][7]_i_1_n_0                     |                                                           |                6 |             16 |
|  game_clock_BUFG                  | snake_controller_inst/snake_body[37][row][7]_i_1_n_0                     |                                                           |               10 |             16 |
|  game_clock_BUFG                  | snake_controller_inst/snake_body[38][row][7]_i_1_n_0                     |                                                           |                7 |             16 |
|  game_clock_BUFG                  | snake_controller_inst/snake_body[39][row][7]_i_1_n_0                     |                                                           |               10 |             16 |
|  game_clock_BUFG                  | snake_controller_inst/snake_body[3][row][7]_i_1_n_0                      |                                                           |                7 |             16 |
|  game_clock_BUFG                  | snake_controller_inst/snake_body[40][row][7]_i_1_n_0                     |                                                           |                7 |             16 |
|  game_clock_BUFG                  | snake_controller_inst/snake_body[41][row][7]_i_1_n_0                     |                                                           |                8 |             16 |
|  game_clock_BUFG                  | snake_controller_inst/snake_body[42][row][7]_i_1_n_0                     |                                                           |               10 |             16 |
|  game_clock_BUFG                  | snake_controller_inst/snake_body[43][row][7]_i_1_n_0                     |                                                           |               13 |             16 |
|  game_clock_BUFG                  | snake_controller_inst/snake_body[44][row][7]_i_1_n_0                     |                                                           |                9 |             16 |
|  game_clock_BUFG                  | snake_controller_inst/snake_body[45][row][7]_i_1_n_0                     |                                                           |                8 |             16 |
|  game_clock_BUFG                  | snake_controller_inst/snake_body[46][row][7]_i_1_n_0                     |                                                           |               11 |             16 |
|  game_clock_BUFG                  | snake_controller_inst/snake_body[47][row][7]_i_1_n_0                     |                                                           |               16 |             16 |
|  game_clock_BUFG                  | snake_controller_inst/snake_body[48][row][7]_i_1_n_0                     |                                                           |                6 |             16 |
|  game_clock_BUFG                  | snake_controller_inst/snake_body[49][row][7]_i_1_n_0                     |                                                           |                8 |             16 |
|  game_clock_BUFG                  | snake_controller_inst/snake_body[4][row][7]_i_1_n_0                      |                                                           |                5 |             16 |
|  game_clock_BUFG                  | snake_controller_inst/snake_body[50][row][7]_i_1_n_0                     |                                                           |                9 |             16 |
|  game_clock_BUFG                  | snake_controller_inst/snake_body[51][row][7]_i_1_n_0                     |                                                           |               10 |             16 |
|  game_clock_BUFG                  | snake_controller_inst/snake_body[52][row][7]_i_1_n_0                     |                                                           |                9 |             16 |
|  game_clock_BUFG                  | snake_controller_inst/snake_body[53][row][7]_i_1_n_0                     |                                                           |                9 |             16 |
|  game_clock_BUFG                  | snake_controller_inst/snake_body[54][row][7]_i_1_n_0                     |                                                           |               11 |             16 |
|  game_clock_BUFG                  | snake_controller_inst/snake_body[55][row][7]_i_1_n_0                     |                                                           |               12 |             16 |
|  game_clock_BUFG                  | snake_controller_inst/snake_body[56][row][7]_i_1_n_0                     |                                                           |                5 |             16 |
|  game_clock_BUFG                  | snake_controller_inst/snake_body[57][row][7]_i_1_n_0                     |                                                           |               11 |             16 |
|  game_clock_BUFG                  | snake_controller_inst/snake_body[58][row][7]_i_1_n_0                     |                                                           |               11 |             16 |
|  game_clock_BUFG                  | snake_controller_inst/snake_body[59][row][7]_i_1_n_0                     |                                                           |               10 |             16 |
|  game_clock_BUFG                  | snake_controller_inst/snake_body[5][row][7]_i_1_n_0                      |                                                           |                6 |             16 |
|  game_clock_BUFG                  | snake_controller_inst/snake_body[60][row][7]_i_1_n_0                     |                                                           |                7 |             16 |
|  game_clock_BUFG                  | snake_controller_inst/snake_body[61][row][7]_i_1_n_0                     |                                                           |               12 |             16 |
|  game_clock_BUFG                  | snake_controller_inst/snake_body[62][row][7]_i_1_n_0                     |                                                           |               15 |             16 |
|  game_clock_BUFG                  | snake_controller_inst/snake_body[63][row][7]_i_1_n_0                     |                                                           |               14 |             16 |
|  game_clock_BUFG                  | snake_controller_inst/snake_body[6][row][7]_i_1_n_0                      |                                                           |                5 |             16 |
|  game_clock_BUFG                  | snake_controller_inst/snake_body[7][row][7]_i_1_n_0                      |                                                           |               11 |             16 |
|  game_clock_BUFG                  | snake_controller_inst/snake_body[8][row][7]_i_1_n_0                      |                                                           |                6 |             16 |
|  game_clock_BUFG                  | snake_controller_inst/snake_body[9][row][7]_i_1_n_0                      |                                                           |               14 |             16 |
|  game_clock_BUFG                  | snake_controller_inst/snake_tail                                         |                                                           |               11 |             16 |
|  keyboard/flag                    | keyboard/keycode[15]_i_1_n_0                                             |                                                           |                4 |             16 |
|  game_clock_BUFG                  | acquire_random_position_inst/request\\.data[col][7]_i_1_n_0              |                                                           |                2 |             16 |
|  game_clock_BUFG                  | snake_controller_inst/snake_body[1][row][7]_i_1_n_0                      |                                                           |                5 |             16 |
|  game_clock_BUFG                  | snake_controller_inst/snack                                              |                                                           |                5 |             16 |
|  game_clock_BUFG                  | snake_controller_inst/snake_body[10][row][7]_i_1_n_0                     |                                                           |                6 |             16 |
|  game_clock_BUFG                  | snake_controller_inst/snake_body[11][row][7]_i_1_n_0                     |                                                           |               11 |             16 |
|  game_clock_BUFG                  | snake_controller_inst/snake_body[12][row][7]_i_1_n_0                     |                                                           |                5 |             16 |
|  game_clock_BUFG                  | snake_controller_inst/snake_body[13][row][7]_i_1_n_0                     |                                                           |                8 |             16 |
|  game_clock_BUFG                  | snake_controller_inst/snake_body[14][row][7]_i_1_n_0                     |                                                           |                6 |             16 |
|  game_clock_BUFG                  | snake_controller_inst/snake_body[15][row][7]_i_1_n_0                     |                                                           |               11 |             16 |
|  game_clock_BUFG                  | snake_controller_inst/snake_body[16][row][7]_i_1_n_0                     |                                                           |                8 |             16 |
|  raw_clock_BUFG                   | score_inst/divide_by_ten_inst/quotient_buff[quotient][15]_i_1__0_n_0     |                                                           |                3 |             16 |
|  game_clock_BUFG                  | snake_controller_inst/snake_body[17][row][7]_i_1_n_0                     |                                                           |                7 |             16 |
|  raw_clock_BUFG                   | score_inst/divide_by_ten_inst/quotient_intf\\.data[quotient][15]_i_1_n_0 |                                                           |                7 |             20 |
|  raw_clock_BUFG                   | score_inst/convert_score_inst/quotient_buff[quotient][15]_i_1_n_0        |                                                           |                8 |             21 |
|  raw_clock_BUFG                   | score_inst/convert_score_inst/digits_pointer[31]_i_2_n_0                 |                                                           |               10 |             27 |
|  raw_clock_BUFG                   | score_inst/convert_score_inst/dividend_intf\\.data[26]_i_1_n_0           |                                                           |                7 |             27 |
|  raw_clock_BUFG                   | score_inst/convert_score_inst/high_score[26]_i_1_n_0                     |                                                           |                8 |             27 |
|  raw_clock_BUFG                   | score_inst/divide_by_ten_inst/dividend_buff[26]_i_1_n_0                  |                                                           |                4 |             27 |
|  game_clock_BUFG                  | snake_controller_inst/score[26]_i_1_n_0                                  |                                                           |               10 |             27 |
|  raw_clock_BUFG                   |                                                                          | sample_pushbutton_inst/counter[31]_i_1_n_0                |                8 |             31 |
|  raw_clock_BUFG                   |                                                                          | score_inst/step_down_clock_inst/down_clock                |                8 |             31 |
|  raw_clock_BUFG                   |                                                                          | step_down_clock_inst/down_clock                           |                8 |             31 |
|  digit_pointer_reg[0]_i_2_n_0     |                                                                          | score_inst/bcd_to_ssegment_inst/digit_pointer[31]_i_1_n_0 |                8 |             31 |
|  raw_clock_BUFG                   | score_inst/convert_score_inst/digits[7][3]_i_1_n_0                       |                                                           |                7 |             32 |
|  game_clock_BUFG                  | snake_controller_inst/move_counter[31]_i_1_n_0                           |                                                           |                6 |             32 |
|  game_clock_BUFG                  | snake_controller_inst/body_pointer[31]_i_1_n_0                           |                                                           |               24 |             32 |
|  raw_clock_BUFG                   | score_inst/convert_score_inst/digits_pointer[31]_i_2_n_0                 | score_inst/convert_score_inst/digits_pointer[31]_i_1_n_0  |                9 |             32 |
|  clk_wiz_pixel_inst/inst/clk_out1 | snake_painter_inst/block_counters[row][31]_i_1_n_0                       |                                                           |               12 |             32 |
|  clk_wiz_pixel_inst/inst/clk_out1 | snake_painter_inst/check_counters                                        |                                                           |                8 |             32 |
|  clk_wiz_pixel_inst/inst/clk_out1 | vga_controller_inst/displaying_flag                                      |                                                           |                8 |             32 |
|  clk_wiz_pixel_inst/inst/clk_out1 | vga_controller_inst/sel                                                  |                                                           |                8 |             32 |
|  game_clock_BUFG                  | snake_controller_inst/curr_body_total[31]_i_1_n_0                        |                                                           |                8 |             36 |
|  clk_wiz_pixel_inst/inst/clk_out1 |                                                                          |                                                           |               12 |             39 |
|  clk_wiz_pixel_inst/inst/clk_out1 | vga_controller_inst/block_counters_reg[col][31]                          |                                                           |               10 |             39 |
|  game_clock_BUFG                  | snake_controller_inst/game_board[9][28][1]_i_1_n_0                       |                                                           |              906 |           2400 |
|  game_clock_BUFG                  |                                                                          |                                                           |              967 |           2448 |
+-----------------------------------+--------------------------------------------------------------------------+-----------------------------------------------------------+------------------+----------------+


